\BOOKMARK [0][-]{chapter.1}{\376\377\0001\000\040\000H\000i\000e\000r\000a\000r\000c\000h\000i\000c\000a\000l\000\040\000I\000n\000d\000e\000x}{}% 1
\BOOKMARK [1][-]{section.1.1}{\376\377\0001\000.\0001\000\040\000C\000l\000a\000s\000s\000\040\000H\000i\000e\000r\000a\000r\000c\000h\000y}{chapter.1}% 2
\BOOKMARK [0][-]{chapter.2}{\376\377\0002\000\040\000C\000l\000a\000s\000s\000\040\000I\000n\000d\000e\000x}{}% 3
\BOOKMARK [1][-]{section.2.1}{\376\377\0002\000.\0001\000\040\000C\000l\000a\000s\000s\000\040\000L\000i\000s\000t}{chapter.2}% 4
\BOOKMARK [0][-]{chapter.3}{\376\377\0003\000\040\000C\000l\000a\000s\000s\000\040\000D\000o\000c\000u\000m\000e\000n\000t\000a\000t\000i\000o\000n}{}% 5
\BOOKMARK [1][-]{section.3.1}{\376\377\0003\000.\0001\000\040\000B\000u\000i\000l\000d\000i\000n\000g\000\040\000C\000l\000a\000s\000s\000\040\000R\000e\000f\000e\000r\000e\000n\000c\000e}{chapter.3}% 6
\BOOKMARK [2][-]{subsection.3.1.1}{\376\377\0003\000.\0001\000.\0001\000\040\000D\000e\000t\000a\000i\000l\000e\000d\000\040\000D\000e\000s\000c\000r\000i\000p\000t\000i\000o\000n}{section.3.1}% 7
\BOOKMARK [2][-]{subsection.3.1.2}{\376\377\0003\000.\0001\000.\0002\000\040\000C\000o\000n\000s\000t\000r\000u\000c\000t\000o\000r\000\040\000\046\000\040\000D\000e\000s\000t\000r\000u\000c\000t\000o\000r\000\040\000D\000o\000c\000u\000m\000e\000n\000t\000a\000t\000i\000o\000n}{section.3.1}% 8
\BOOKMARK [3][-]{subsubsection.3.1.2.1}{\376\377\0003\000.\0001\000.\0002\000.\0001\000\040\000B\000u\000i\000l\000d\000i\000n\000g\000\050\000\051}{subsection.3.1.2}% 9
\BOOKMARK [2][-]{subsection.3.1.3}{\376\377\0003\000.\0001\000.\0003\000\040\000M\000e\000m\000b\000e\000r\000\040\000F\000u\000n\000c\000t\000i\000o\000n\000\040\000D\000o\000c\000u\000m\000e\000n\000t\000a\000t\000i\000o\000n}{section.3.1}% 10
\BOOKMARK [3][-]{subsubsection.3.1.3.1}{\376\377\0003\000.\0001\000.\0003\000.\0001\000\040\000a\000d\000d\000C\000a\000r\000\050\000\051}{subsection.3.1.3}% 11
\BOOKMARK [3][-]{subsubsection.3.1.3.2}{\376\377\0003\000.\0001\000.\0003\000.\0002\000\040\000a\000d\000d\000P\000e\000d\000\050\000\051}{subsection.3.1.3}% 12
\BOOKMARK [3][-]{subsubsection.3.1.3.3}{\376\377\0003\000.\0001\000.\0003\000.\0003\000\040\000a\000d\000d\000R\000e\000s\000i\000d\000e\000n\000t\000\050\000\051}{subsection.3.1.3}% 13
\BOOKMARK [3][-]{subsubsection.3.1.3.4}{\376\377\0003\000.\0001\000.\0003\000.\0004\000\040\000b\000u\000i\000l\000d\000i\000n\000g\000T\000y\000p\000e\000\050\000\051}{subsection.3.1.3}% 14
\BOOKMARK [3][-]{subsubsection.3.1.3.5}{\376\377\0003\000.\0001\000.\0003\000.\0005\000\040\000g\000e\000t\000C\000a\000p\000a\000c\000i\000t\000y\000\050\000\051}{subsection.3.1.3}% 15
\BOOKMARK [3][-]{subsubsection.3.1.3.6}{\376\377\0003\000.\0001\000.\0003\000.\0006\000\040\000g\000e\000t\000C\000a\000r\000C\000o\000u\000n\000t\000\050\000\051}{subsection.3.1.3}% 16
\BOOKMARK [3][-]{subsubsection.3.1.3.7}{\376\377\0003\000.\0001\000.\0003\000.\0007\000\040\000g\000e\000t\000R\000e\000s\000i\000d\000e\000n\000t\000s\000\050\000\051}{subsection.3.1.3}% 17
\BOOKMARK [3][-]{subsubsection.3.1.3.8}{\376\377\0003\000.\0001\000.\0003\000.\0008\000\040\000i\000s\000B\000u\000i\000l\000d\000i\000n\000g\000\050\000\051}{subsection.3.1.3}% 18
\BOOKMARK [3][-]{subsubsection.3.1.3.9}{\376\377\0003\000.\0001\000.\0003\000.\0009\000\040\000j\000o\000i\000n\000C\000a\000r\000\050\000\051}{subsection.3.1.3}% 19
\BOOKMARK [3][-]{subsubsection.3.1.3.10}{\376\377\0003\000.\0001\000.\0003\000.\0001\0000\000\040\000n\000e\000w\000R\000e\000s\000i\000d\000e\000n\000t\000\050\000\051}{subsection.3.1.3}% 20
\BOOKMARK [3][-]{subsubsection.3.1.3.11}{\376\377\0003\000.\0001\000.\0003\000.\0001\0001\000\040\000r\000e\000m\000o\000v\000e\000R\000e\000s\000i\000d\000e\000n\000t\000\050\000\051}{subsection.3.1.3}% 21
\BOOKMARK [3][-]{subsubsection.3.1.3.12}{\376\377\0003\000.\0001\000.\0003\000.\0001\0002\000\040\000s\000i\000m\000u\000l\000a\000t\000e\000\050\000\051}{subsection.3.1.3}% 22
\BOOKMARK [2][-]{subsection.3.1.4}{\376\377\0003\000.\0001\000.\0004\000\040\000M\000e\000m\000b\000e\000r\000\040\000D\000a\000t\000a\000\040\000D\000o\000c\000u\000m\000e\000n\000t\000a\000t\000i\000o\000n}{section.3.1}% 23
\BOOKMARK [3][-]{subsubsection.3.1.4.1}{\376\377\0003\000.\0001\000.\0004\000.\0001\000\040\000c\000a\000r\000s\000\137}{subsection.3.1.4}% 24
\BOOKMARK [3][-]{subsubsection.3.1.4.2}{\376\377\0003\000.\0001\000.\0004\000.\0002\000\040\000p\000e\000d\000e\000s\000t\000r\000i\000a\000n\000s\000\137}{subsection.3.1.4}% 25
\BOOKMARK [3][-]{subsubsection.3.1.4.3}{\376\377\0003\000.\0001\000.\0004\000.\0003\000\040\000r\000e\000s\000i\000d\000e\000n\000t\000s\000\137}{subsection.3.1.4}% 26
\BOOKMARK [1][-]{section.3.2}{\376\377\0003\000.\0002\000\040\000C\000a\000r\000\040\000C\000l\000a\000s\000s\000\040\000R\000e\000f\000e\000r\000e\000n\000c\000e}{chapter.3}% 27
\BOOKMARK [2][-]{subsection.3.2.1}{\376\377\0003\000.\0002\000.\0001\000\040\000D\000e\000t\000a\000i\000l\000e\000d\000\040\000D\000e\000s\000c\000r\000i\000p\000t\000i\000o\000n}{section.3.2}% 28
\BOOKMARK [2][-]{subsection.3.2.2}{\376\377\0003\000.\0002\000.\0002\000\040\000C\000o\000n\000s\000t\000r\000u\000c\000t\000o\000r\000\040\000\046\000\040\000D\000e\000s\000t\000r\000u\000c\000t\000o\000r\000\040\000D\000o\000c\000u\000m\000e\000n\000t\000a\000t\000i\000o\000n}{section.3.2}% 29
\BOOKMARK [3][-]{subsubsection.3.2.2.1}{\376\377\0003\000.\0002\000.\0002\000.\0001\000\040\000C\000a\000r\000\050\000\051}{subsection.3.2.2}% 30
\BOOKMARK [3][-]{subsubsection.3.2.2.2}{\376\377\0003\000.\0002\000.\0002\000.\0002\000\040\000\040\000C\000a\000r\000\050\000\051}{subsection.3.2.2}% 31
\BOOKMARK [2][-]{subsection.3.2.3}{\376\377\0003\000.\0002\000.\0003\000\040\000M\000e\000m\000b\000e\000r\000\040\000F\000u\000n\000c\000t\000i\000o\000n\000\040\000D\000o\000c\000u\000m\000e\000n\000t\000a\000t\000i\000o\000n}{section.3.2}% 32
\BOOKMARK [3][-]{subsubsection.3.2.3.1}{\376\377\0003\000.\0002\000.\0003\000.\0001\000\040\000a\000d\000d\000P\000a\000s\000s\000e\000n\000g\000e\000r\000\050\000\051}{subsection.3.2.3}% 33
\BOOKMARK [3][-]{subsubsection.3.2.3.2}{\376\377\0003\000.\0002\000.\0003\000.\0002\000\040\000c\000r\000e\000a\000t\000e\000P\000a\000t\000h\000\050\000\051}{subsection.3.2.3}% 34
\BOOKMARK [3][-]{subsubsection.3.2.3.3}{\376\377\0003\000.\0002\000.\0003\000.\0003\000\040\000f\000i\000n\000d\000P\000a\000t\000h\000\050\000\051}{subsection.3.2.3}% 35
\BOOKMARK [3][-]{subsubsection.3.2.3.4}{\376\377\0003\000.\0002\000.\0003\000.\0004\000\040\000g\000e\000t\000D\000i\000r\000\050\000\051}{subsection.3.2.3}% 36
\BOOKMARK [3][-]{subsubsection.3.2.3.5}{\376\377\0003\000.\0002\000.\0003\000.\0005\000\040\000g\000e\000t\000P\000a\000s\000s\000e\000n\000g\000e\000r\000\050\000\051}{subsection.3.2.3}% 37
\BOOKMARK [3][-]{subsubsection.3.2.3.6}{\376\377\0003\000.\0002\000.\0003\000.\0006\000\040\000o\000p\000e\000r\000a\000t\000o\000r\000=\000\050\000\051}{subsection.3.2.3}% 38
\BOOKMARK [3][-]{subsubsection.3.2.3.7}{\376\377\0003\000.\0002\000.\0003\000.\0007\000\040\000p\000e\000e\000k\000D\000i\000r\000\050\000\051}{subsection.3.2.3}% 39
\BOOKMARK [3][-]{subsubsection.3.2.3.8}{\376\377\0003\000.\0002\000.\0003\000.\0008\000\040\000s\000i\000m\000u\000l\000a\000t\000e\000\050\000\051}{subsection.3.2.3}% 40
\BOOKMARK [3][-]{subsubsection.3.2.3.9}{\376\377\0003\000.\0002\000.\0003\000.\0009\000\040\000u\000p\000d\000a\000t\000e\000D\000i\000r\000\050\000\051}{subsection.3.2.3}% 41
\BOOKMARK [1][-]{section.3.3}{\376\377\0003\000.\0003\000\040\000C\000i\000t\000y\000\040\000C\000l\000a\000s\000s\000\040\000R\000e\000f\000e\000r\000e\000n\000c\000e}{chapter.3}% 42
\BOOKMARK [2][-]{subsection.3.3.1}{\376\377\0003\000.\0003\000.\0001\000\040\000D\000e\000t\000a\000i\000l\000e\000d\000\040\000D\000e\000s\000c\000r\000i\000p\000t\000i\000o\000n}{section.3.3}% 43
\BOOKMARK [2][-]{subsection.3.3.2}{\376\377\0003\000.\0003\000.\0002\000\040\000C\000o\000n\000s\000t\000r\000u\000c\000t\000o\000r\000\040\000\046\000\040\000D\000e\000s\000t\000r\000u\000c\000t\000o\000r\000\040\000D\000o\000c\000u\000m\000e\000n\000t\000a\000t\000i\000o\000n}{section.3.3}% 44
\BOOKMARK [3][-]{subsubsection.3.3.2.1}{\376\377\0003\000.\0003\000.\0002\000.\0001\000\040\000C\000i\000t\000y\000\050\000\051}{subsection.3.3.2}% 45
\BOOKMARK [2][-]{subsection.3.3.3}{\376\377\0003\000.\0003\000.\0003\000\040\000M\000e\000m\000b\000e\000r\000\040\000F\000u\000n\000c\000t\000i\000o\000n\000\040\000D\000o\000c\000u\000m\000e\000n\000t\000a\000t\000i\000o\000n}{section.3.3}% 46
\BOOKMARK [3][-]{subsubsection.3.3.3.1}{\376\377\0003\000.\0003\000.\0003\000.\0001\000\040\000a\000d\000d\000\050\000\051}{subsection.3.3.3}% 47
\BOOKMARK [3][-]{subsubsection.3.3.3.2}{\376\377\0003\000.\0003\000.\0003\000.\0002\000\040\000a\000v\000e\000r\000a\000g\000e\000R\000o\000a\000d\000T\000r\000a\000f\000f\000i\000c\000P\000e\000r\000c\000e\000n\000t\000a\000g\000e\000\050\000\051}{subsection.3.3.3}% 48
\BOOKMARK [3][-]{subsubsection.3.3.3.3}{\376\377\0003\000.\0003\000.\0003\000.\0003\000\040\000c\000a\000r\000s\000O\000n\000R\000o\000a\000d\000s\000\050\000\051}{subsection.3.3.3}% 49
\BOOKMARK [3][-]{subsubsection.3.3.3.4}{\376\377\0003\000.\0003\000.\0003\000.\0004\000\040\000c\000l\000e\000a\000r\000A\000n\000d\000R\000e\000s\000i\000z\000e\000\050\000\051}{subsection.3.3.3}% 50
\BOOKMARK [3][-]{subsubsection.3.3.3.5}{\376\377\0003\000.\0003\000.\0003\000.\0005\000\040\000c\000u\000r\000r\000e\000n\000t\000R\000o\000a\000d\000T\000r\000a\000f\000f\000i\000c\000P\000e\000r\000c\000e\000n\000t\000a\000g\000e\000\050\000\051}{subsection.3.3.3}% 51
\BOOKMARK [3][-]{subsubsection.3.3.3.6}{\376\377\0003\000.\0003\000.\0003\000.\0006\000\040\000e\000x\000p\000o\000r\000t\000S\000t\000a\000t\000s\000\050\000\051}{subsection.3.3.3}% 52
\BOOKMARK [3][-]{subsubsection.3.3.3.7}{\376\377\0003\000.\0003\000.\0003\000.\0007\000\040\000g\000e\000t\000C\000i\000t\000y\000\050\000\051}{subsection.3.3.3}% 53
\BOOKMARK [3][-]{subsubsection.3.3.3.8}{\376\377\0003\000.\0003\000.\0003\000.\0008\000\040\000g\000e\000t\000C\000i\000t\000y\000S\000i\000z\000e\000\050\000\051}{subsection.3.3.3}% 54
\BOOKMARK [3][-]{subsubsection.3.3.3.9}{\376\377\0003\000.\0003\000.\0003\000.\0009\000\040\000g\000e\000t\000C\000o\000m\000m\000e\000r\000c\000i\000a\000l\000s\000\050\000\051}{subsection.3.3.3}% 55
\BOOKMARK [3][-]{subsubsection.3.3.3.10}{\376\377\0003\000.\0003\000.\0003\000.\0001\0000\000\040\000g\000e\000t\000H\000o\000u\000r\000C\000o\000u\000n\000t\000e\000r\000s\000\050\000\051}{subsection.3.3.3}% 56
\BOOKMARK [3][-]{subsubsection.3.3.3.11}{\376\377\0003\000.\0003\000.\0003\000.\0001\0001\000\040\000g\000e\000t\000I\000n\000d\000u\000s\000t\000r\000i\000a\000l\000s\000\050\000\051}{subsection.3.3.3}% 57
\BOOKMARK [3][-]{subsubsection.3.3.3.12}{\376\377\0003\000.\0003\000.\0003\000.\0001\0002\000\040\000g\000e\000t\000I\000n\000t\000e\000r\000s\000e\000c\000t\000i\000o\000n\000s\000\050\000\051}{subsection.3.3.3}% 58
\BOOKMARK [3][-]{subsubsection.3.3.3.13}{\376\377\0003\000.\0003\000.\0003\000.\0001\0003\000\040\000g\000e\000t\000R\000e\000s\000i\000d\000e\000n\000t\000A\000m\000o\000u\000n\000t\000\050\000\051}{subsection.3.3.3}% 59
\BOOKMARK [3][-]{subsubsection.3.3.3.14}{\376\377\0003\000.\0003\000.\0003\000.\0001\0004\000\040\000g\000e\000t\000R\000e\000s\000i\000d\000e\000n\000t\000C\000o\000u\000n\000t\000\050\000\051}{subsection.3.3.3}% 60
\BOOKMARK [3][-]{subsubsection.3.3.3.15}{\376\377\0003\000.\0003\000.\0003\000.\0001\0005\000\040\000g\000e\000t\000R\000e\000s\000i\000d\000e\000n\000t\000i\000a\000l\000s\000\050\000\051}{subsection.3.3.3}% 61
\BOOKMARK [3][-]{subsubsection.3.3.3.16}{\376\377\0003\000.\0003\000.\0003\000.\0001\0006\000\040\000g\000e\000t\000R\000o\000a\000d\000s\000\050\000\051}{subsection.3.3.3}% 62
\BOOKMARK [3][-]{subsubsection.3.3.3.17}{\376\377\0003\000.\0003\000.\0003\000.\0001\0007\000\040\000g\000e\000t\000S\000q\000u\000a\000r\000e\000\050\000\051}{subsection.3.3.3}% 63
\BOOKMARK [3][-]{subsubsection.3.3.3.18}{\376\377\0003\000.\0003\000.\0003\000.\0001\0008\000\040\000g\000e\000t\000S\000t\000a\000t\000s\000\050\000\051}{subsection.3.3.3}% 64
\BOOKMARK [3][-]{subsubsection.3.3.3.19}{\376\377\0003\000.\0003\000.\0003\000.\0001\0009\000\040\000g\000e\000t\000T\000i\000m\000e\000\050\000\051}{subsection.3.3.3}% 65
\BOOKMARK [1][-]{section.3.4}{\376\377\0003\000.\0004\000\040\000C\000i\000t\000y\000S\000t\000a\000t\000s\000\040\000S\000t\000r\000u\000c\000t\000\040\000R\000e\000f\000e\000r\000e\000n\000c\000e}{chapter.3}% 66
\BOOKMARK [2][-]{subsection.3.4.1}{\376\377\0003\000.\0004\000.\0001\000\040\000D\000e\000t\000a\000i\000l\000e\000d\000\040\000D\000e\000s\000c\000r\000i\000p\000t\000i\000o\000n}{section.3.4}% 67
\BOOKMARK [2][-]{subsection.3.4.2}{\376\377\0003\000.\0004\000.\0002\000\040\000M\000e\000m\000b\000e\000r\000\040\000F\000u\000n\000c\000t\000i\000o\000n\000\040\000D\000o\000c\000u\000m\000e\000n\000t\000a\000t\000i\000o\000n}{section.3.4}% 68
\BOOKMARK [3][-]{subsubsection.3.4.2.1}{\376\377\0003\000.\0004\000.\0002\000.\0001\000\040\000g\000e\000t\000H\000o\000u\000r\000l\000y\000A\000v\000e\000r\000a\000g\000e\000s\000\050\000\051}{subsection.3.4.2}% 69
\BOOKMARK [3][-]{subsubsection.3.4.2.2}{\376\377\0003\000.\0004\000.\0002\000.\0002\000\040\000i\000n\000c\000r\000e\000m\000e\000n\000t\000C\000o\000u\000n\000t\000e\000r\000\050\000\051}{subsection.3.4.2}% 70
\BOOKMARK [1][-]{section.3.5}{\376\377\0003\000.\0005\000\040\000C\000o\000m\000m\000e\000r\000c\000i\000a\000l\000\040\000C\000l\000a\000s\000s\000\040\000R\000e\000f\000e\000r\000e\000n\000c\000e}{chapter.3}% 71
\BOOKMARK [2][-]{subsection.3.5.1}{\376\377\0003\000.\0005\000.\0001\000\040\000D\000e\000t\000a\000i\000l\000e\000d\000\040\000D\000e\000s\000c\000r\000i\000p\000t\000i\000o\000n}{section.3.5}% 72
\BOOKMARK [2][-]{subsection.3.5.2}{\376\377\0003\000.\0005\000.\0002\000\040\000C\000o\000n\000s\000t\000r\000u\000c\000t\000o\000r\000\040\000\046\000\040\000D\000e\000s\000t\000r\000u\000c\000t\000o\000r\000\040\000D\000o\000c\000u\000m\000e\000n\000t\000a\000t\000i\000o\000n}{section.3.5}% 73
\BOOKMARK [3][-]{subsubsection.3.5.2.1}{\376\377\0003\000.\0005\000.\0002\000.\0001\000\040\000C\000o\000m\000m\000e\000r\000c\000i\000a\000l\000\050\000\051}{subsection.3.5.2}% 74
\BOOKMARK [2][-]{subsection.3.5.3}{\376\377\0003\000.\0005\000.\0003\000\040\000M\000e\000m\000b\000e\000r\000\040\000F\000u\000n\000c\000t\000i\000o\000n\000\040\000D\000o\000c\000u\000m\000e\000n\000t\000a\000t\000i\000o\000n}{section.3.5}% 75
\BOOKMARK [3][-]{subsubsection.3.5.3.1}{\376\377\0003\000.\0005\000.\0003\000.\0001\000\040\000b\000u\000i\000l\000d\000i\000n\000g\000T\000y\000p\000e\000\050\000\051}{subsection.3.5.3}% 76
\BOOKMARK [1][-]{section.3.6}{\376\377\0003\000.\0006\000\040\000G\000U\000I\000\040\000C\000l\000a\000s\000s\000\040\000R\000e\000f\000e\000r\000e\000n\000c\000e}{chapter.3}% 77
\BOOKMARK [2][-]{subsection.3.6.1}{\376\377\0003\000.\0006\000.\0001\000\040\000D\000e\000t\000a\000i\000l\000e\000d\000\040\000D\000e\000s\000c\000r\000i\000p\000t\000i\000o\000n}{section.3.6}% 78
\BOOKMARK [2][-]{subsection.3.6.2}{\376\377\0003\000.\0006\000.\0002\000\040\000C\000o\000n\000s\000t\000r\000u\000c\000t\000o\000r\000\040\000\046\000\040\000D\000e\000s\000t\000r\000u\000c\000t\000o\000r\000\040\000D\000o\000c\000u\000m\000e\000n\000t\000a\000t\000i\000o\000n}{section.3.6}% 79
\BOOKMARK [3][-]{subsubsection.3.6.2.1}{\376\377\0003\000.\0006\000.\0002\000.\0001\000\040\000G\000U\000I\000\050\000\051}{subsection.3.6.2}% 80
\BOOKMARK [2][-]{subsection.3.6.3}{\376\377\0003\000.\0006\000.\0003\000\040\000M\000e\000m\000b\000e\000r\000\040\000F\000u\000n\000c\000t\000i\000o\000n\000\040\000D\000o\000c\000u\000m\000e\000n\000t\000a\000t\000i\000o\000n}{section.3.6}% 81
\BOOKMARK [3][-]{subsubsection.3.6.3.1}{\376\377\0003\000.\0006\000.\0003\000.\0001\000\040\000c\000u\000r\000r\000e\000n\000t\000T\000o\000o\000l\000T\000y\000p\000e\000\050\000\051}{subsection.3.6.3}% 82
\BOOKMARK [3][-]{subsubsection.3.6.3.2}{\376\377\0003\000.\0006\000.\0003\000.\0002\000\040\000d\000r\000a\000w\000H\000i\000s\000t\000o\000g\000r\000a\000m\000\050\000\051}{subsection.3.6.3}% 83
\BOOKMARK [3][-]{subsubsection.3.6.3.3}{\376\377\0003\000.\0006\000.\0003\000.\0003\000\040\000h\000a\000s\000C\000i\000t\000y\000C\000h\000a\000n\000g\000e\000d\000\050\000\051}{subsection.3.6.3}% 84
\BOOKMARK [3][-]{subsubsection.3.6.3.4}{\376\377\0003\000.\0006\000.\0003\000.\0004\000\040\000i\000s\000O\000p\000e\000n\000\050\000\051}{subsection.3.6.3}% 85
\BOOKMARK [3][-]{subsubsection.3.6.3.5}{\376\377\0003\000.\0006\000.\0003\000.\0005\000\040\000i\000s\000P\000a\000u\000s\000e\000d\000\050\000\051}{subsection.3.6.3}% 86
\BOOKMARK [3][-]{subsubsection.3.6.3.6}{\376\377\0003\000.\0006\000.\0003\000.\0006\000\040\000r\000e\000a\000d\000C\000S\000V\000\050\000\051}{subsection.3.6.3}% 87
\BOOKMARK [3][-]{subsubsection.3.6.3.7}{\376\377\0003\000.\0006\000.\0003\000.\0007\000\040\000s\000e\000t\000C\000h\000a\000n\000g\000e\000d\000\050\000\051}{subsection.3.6.3}% 88
\BOOKMARK [3][-]{subsubsection.3.6.3.8}{\376\377\0003\000.\0006\000.\0003\000.\0008\000\040\000w\000r\000i\000t\000e\000C\000S\000V\000\050\000\051}{subsection.3.6.3}% 89
\BOOKMARK [1][-]{section.3.7}{\376\377\0003\000.\0007\000\040\000I\000n\000d\000u\000s\000t\000r\000i\000a\000l\000\040\000C\000l\000a\000s\000s\000\040\000R\000e\000f\000e\000r\000e\000n\000c\000e}{chapter.3}% 90
\BOOKMARK [2][-]{subsection.3.7.1}{\376\377\0003\000.\0007\000.\0001\000\040\000D\000e\000t\000a\000i\000l\000e\000d\000\040\000D\000e\000s\000c\000r\000i\000p\000t\000i\000o\000n}{section.3.7}% 91
\BOOKMARK [2][-]{subsection.3.7.2}{\376\377\0003\000.\0007\000.\0002\000\040\000C\000o\000n\000s\000t\000r\000u\000c\000t\000o\000r\000\040\000\046\000\040\000D\000e\000s\000t\000r\000u\000c\000t\000o\000r\000\040\000D\000o\000c\000u\000m\000e\000n\000t\000a\000t\000i\000o\000n}{section.3.7}% 92
\BOOKMARK [3][-]{subsubsection.3.7.2.1}{\376\377\0003\000.\0007\000.\0002\000.\0001\000\040\000I\000n\000d\000u\000s\000t\000r\000i\000a\000l\000\050\000\051}{subsection.3.7.2}% 93
\BOOKMARK [2][-]{subsection.3.7.3}{\376\377\0003\000.\0007\000.\0003\000\040\000M\000e\000m\000b\000e\000r\000\040\000F\000u\000n\000c\000t\000i\000o\000n\000\040\000D\000o\000c\000u\000m\000e\000n\000t\000a\000t\000i\000o\000n}{section.3.7}% 94
\BOOKMARK [3][-]{subsubsection.3.7.3.1}{\376\377\0003\000.\0007\000.\0003\000.\0001\000\040\000b\000u\000i\000l\000d\000i\000n\000g\000T\000y\000p\000e\000\050\000\051}{subsection.3.7.3}% 95
\BOOKMARK [1][-]{section.3.8}{\376\377\0003\000.\0008\000\040\000I\000n\000t\000e\000r\000s\000e\000c\000t\000i\000o\000n\000\040\000C\000l\000a\000s\000s\000\040\000R\000e\000f\000e\000r\000e\000n\000c\000e}{chapter.3}% 96
\BOOKMARK [2][-]{subsection.3.8.1}{\376\377\0003\000.\0008\000.\0001\000\040\000D\000e\000t\000a\000i\000l\000e\000d\000\040\000D\000e\000s\000c\000r\000i\000p\000t\000i\000o\000n}{section.3.8}% 97
\BOOKMARK [2][-]{subsection.3.8.2}{\376\377\0003\000.\0008\000.\0002\000\040\000C\000o\000n\000s\000t\000r\000u\000c\000t\000o\000r\000\040\000\046\000\040\000D\000e\000s\000t\000r\000u\000c\000t\000o\000r\000\040\000D\000o\000c\000u\000m\000e\000n\000t\000a\000t\000i\000o\000n}{section.3.8}% 98
\BOOKMARK [3][-]{subsubsection.3.8.2.1}{\376\377\0003\000.\0008\000.\0002\000.\0001\000\040\000I\000n\000t\000e\000r\000s\000e\000c\000t\000i\000o\000n\000\050\000\051}{subsection.3.8.2}% 99
\BOOKMARK [2][-]{subsection.3.8.3}{\376\377\0003\000.\0008\000.\0003\000\040\000M\000e\000m\000b\000e\000r\000\040\000F\000u\000n\000c\000t\000i\000o\000n\000\040\000D\000o\000c\000u\000m\000e\000n\000t\000a\000t\000i\000o\000n}{section.3.8}% 100
\BOOKMARK [3][-]{subsubsection.3.8.3.1}{\376\377\0003\000.\0008\000.\0003\000.\0001\000\040\000a\000d\000d\000C\000a\000r\000\050\000\051}{subsection.3.8.3}% 101
\BOOKMARK [3][-]{subsubsection.3.8.3.2}{\376\377\0003\000.\0008\000.\0003\000.\0002\000\040\000a\000d\000d\000P\000e\000d\000\050\000\051}{subsection.3.8.3}% 102
\BOOKMARK [3][-]{subsubsection.3.8.3.3}{\376\377\0003\000.\0008\000.\0003\000.\0003\000\040\000g\000e\000t\000C\000a\000r\000C\000o\000u\000n\000t\000\050\000\051}{subsection.3.8.3}% 103
\BOOKMARK [3][-]{subsubsection.3.8.3.4}{\376\377\0003\000.\0008\000.\0003\000.\0004\000\040\000g\000e\000t\000P\000e\000d\000C\000o\000u\000n\000t\000\050\000\051}{subsection.3.8.3}% 104
\BOOKMARK [3][-]{subsubsection.3.8.3.5}{\376\377\0003\000.\0008\000.\0003\000.\0005\000\040\000g\000e\000t\000S\000t\000a\000t\000s\000\050\000\051}{subsection.3.8.3}% 105
\BOOKMARK [3][-]{subsubsection.3.8.3.6}{\376\377\0003\000.\0008\000.\0003\000.\0006\000\040\000g\000e\000t\000T\000y\000p\000e\000\050\000\051}{subsection.3.8.3}% 106
\BOOKMARK [3][-]{subsubsection.3.8.3.7}{\376\377\0003\000.\0008\000.\0003\000.\0007\000\040\000i\000s\000I\000n\000t\000e\000r\000s\000e\000c\000t\000i\000o\000n\000\050\000\051}{subsection.3.8.3}% 107
\BOOKMARK [3][-]{subsubsection.3.8.3.8}{\376\377\0003\000.\0008\000.\0003\000.\0008\000\040\000i\000s\000R\000o\000a\000d\000\050\000\051}{subsection.3.8.3}% 108
\BOOKMARK [3][-]{subsubsection.3.8.3.9}{\376\377\0003\000.\0008\000.\0003\000.\0009\000\040\000j\000o\000i\000n\000C\000a\000r\000\050\000\051}{subsection.3.8.3}% 109
\BOOKMARK [3][-]{subsubsection.3.8.3.10}{\376\377\0003\000.\0008\000.\0003\000.\0001\0000\000\040\000s\000i\000m\000u\000l\000a\000t\000e\000\050\000\051}{subsection.3.8.3}% 110
\BOOKMARK [1][-]{section.3.9}{\376\377\0003\000.\0009\000\040\000I\000n\000t\000e\000r\000s\000e\000c\000t\000i\000o\000n\000S\000t\000a\000t\000s\000\040\000S\000t\000r\000u\000c\000t\000\040\000R\000e\000f\000e\000r\000e\000n\000c\000e}{chapter.3}% 111
\BOOKMARK [2][-]{subsection.3.9.1}{\376\377\0003\000.\0009\000.\0001\000\040\000D\000e\000t\000a\000i\000l\000e\000d\000\040\000D\000e\000s\000c\000r\000i\000p\000t\000i\000o\000n}{section.3.9}% 112
\BOOKMARK [2][-]{subsection.3.9.2}{\376\377\0003\000.\0009\000.\0002\000\040\000M\000e\000m\000b\000e\000r\000\040\000F\000u\000n\000c\000t\000i\000o\000n\000\040\000D\000o\000c\000u\000m\000e\000n\000t\000a\000t\000i\000o\000n}{section.3.9}% 113
\BOOKMARK [3][-]{subsubsection.3.9.2.1}{\376\377\0003\000.\0009\000.\0002\000.\0001\000\040\000g\000e\000t\000T\000o\000t\000a\000l\000C\000a\000r\000s\000\050\000\051}{subsection.3.9.2}% 114
\BOOKMARK [3][-]{subsubsection.3.9.2.2}{\376\377\0003\000.\0009\000.\0002\000.\0002\000\040\000i\000n\000c\000r\000e\000m\000e\000n\000t\000C\000o\000u\000n\000t\000e\000r\000\050\000\051}{subsection.3.9.2}% 115
\BOOKMARK [1][-]{section.3.10}{\376\377\0003\000.\0001\0000\000\040\000P\000o\000s\000i\000t\000i\000o\000n\000\040\000S\000t\000r\000u\000c\000t\000\040\000R\000e\000f\000e\000r\000e\000n\000c\000e}{chapter.3}% 116
\BOOKMARK [2][-]{subsection.3.10.1}{\376\377\0003\000.\0001\0000\000.\0001\000\040\000D\000e\000t\000a\000i\000l\000e\000d\000\040\000D\000e\000s\000c\000r\000i\000p\000t\000i\000o\000n}{section.3.10}% 117
\BOOKMARK [1][-]{section.3.11}{\376\377\0003\000.\0001\0001\000\040\000R\000e\000s\000i\000d\000e\000n\000t\000\040\000C\000l\000a\000s\000s\000\040\000R\000e\000f\000e\000r\000e\000n\000c\000e}{chapter.3}% 118
\BOOKMARK [2][-]{subsection.3.11.1}{\376\377\0003\000.\0001\0001\000.\0001\000\040\000D\000e\000t\000a\000i\000l\000e\000d\000\040\000D\000e\000s\000c\000r\000i\000p\000t\000i\000o\000n}{section.3.11}% 119
\BOOKMARK [2][-]{subsection.3.11.2}{\376\377\0003\000.\0001\0001\000.\0002\000\040\000C\000o\000n\000s\000t\000r\000u\000c\000t\000o\000r\000\040\000\046\000\040\000D\000e\000s\000t\000r\000u\000c\000t\000o\000r\000\040\000D\000o\000c\000u\000m\000e\000n\000t\000a\000t\000i\000o\000n}{section.3.11}% 120
\BOOKMARK [3][-]{subsubsection.3.11.2.1}{\376\377\0003\000.\0001\0001\000.\0002\000.\0001\000\040\000R\000e\000s\000i\000d\000e\000n\000t\000\050\000\051}{subsection.3.11.2}% 121
\BOOKMARK [2][-]{subsection.3.11.3}{\376\377\0003\000.\0001\0001\000.\0003\000\040\000M\000e\000m\000b\000e\000r\000\040\000F\000u\000n\000c\000t\000i\000o\000n\000\040\000D\000o\000c\000u\000m\000e\000n\000t\000a\000t\000i\000o\000n}{section.3.11}% 122
\BOOKMARK [3][-]{subsubsection.3.11.3.1}{\376\377\0003\000.\0001\0001\000.\0003\000.\0001\000\040\000f\000i\000n\000d\000P\000a\000t\000h\000\050\000\051}{subsection.3.11.3}% 123
\BOOKMARK [3][-]{subsubsection.3.11.3.2}{\376\377\0003\000.\0001\0001\000.\0003\000.\0002\000\040\000g\000e\000t\000D\000i\000r\000\050\000\051}{subsection.3.11.3}% 124
\BOOKMARK [3][-]{subsubsection.3.11.3.3}{\376\377\0003\000.\0001\0001\000.\0003\000.\0003\000\040\000g\000e\000t\000I\000d\000\050\000\051}{subsection.3.11.3}% 125
\BOOKMARK [3][-]{subsubsection.3.11.3.4}{\376\377\0003\000.\0001\0001\000.\0003\000.\0004\000\040\000g\000e\000t\000P\000o\000s\000\050\000\051}{subsection.3.11.3}% 126
\BOOKMARK [3][-]{subsubsection.3.11.3.5}{\376\377\0003\000.\0001\0001\000.\0003\000.\0005\000\040\000i\000n\000f\000o\000\050\000\051}{subsection.3.11.3}% 127
\BOOKMARK [3][-]{subsubsection.3.11.3.6}{\376\377\0003\000.\0001\0001\000.\0003\000.\0006\000\040\000l\000e\000a\000v\000e\000\050\000\051}{subsection.3.11.3}% 128
\BOOKMARK [3][-]{subsubsection.3.11.3.7}{\376\377\0003\000.\0001\0001\000.\0003\000.\0007\000\040\000o\000p\000e\000r\000a\000t\000o\000r\000!\000=\000\050\000\051}{subsection.3.11.3}% 129
\BOOKMARK [3][-]{subsubsection.3.11.3.8}{\376\377\0003\000.\0001\0001\000.\0003\000.\0008\000\040\000o\000p\000e\000r\000a\000t\000o\000r\000=\000=\000\050\000\051}{subsection.3.11.3}% 130
\BOOKMARK [3][-]{subsubsection.3.11.3.9}{\376\377\0003\000.\0001\0001\000.\0003\000.\0009\000\040\000p\000e\000e\000k\000D\000i\000r\000\050\000\051}{subsection.3.11.3}% 131
\BOOKMARK [3][-]{subsubsection.3.11.3.10}{\376\377\0003\000.\0001\0001\000.\0003\000.\0001\0000\000\040\000s\000i\000m\000u\000l\000a\000t\000e\000\050\000\051}{subsection.3.11.3}% 132
\BOOKMARK [3][-]{subsubsection.3.11.3.11}{\376\377\0003\000.\0001\0001\000.\0003\000.\0001\0001\000\040\000u\000p\000d\000a\000t\000e\000D\000i\000r\000\050\000\051}{subsection.3.11.3}% 133
\BOOKMARK [1][-]{section.3.12}{\376\377\0003\000.\0001\0002\000\040\000R\000e\000s\000i\000d\000e\000n\000t\000i\000a\000l\000\040\000C\000l\000a\000s\000s\000\040\000R\000e\000f\000e\000r\000e\000n\000c\000e}{chapter.3}% 134
\BOOKMARK [2][-]{subsection.3.12.1}{\376\377\0003\000.\0001\0002\000.\0001\000\040\000D\000e\000t\000a\000i\000l\000e\000d\000\040\000D\000e\000s\000c\000r\000i\000p\000t\000i\000o\000n}{section.3.12}% 135
\BOOKMARK [2][-]{subsection.3.12.2}{\376\377\0003\000.\0001\0002\000.\0002\000\040\000C\000o\000n\000s\000t\000r\000u\000c\000t\000o\000r\000\040\000\046\000\040\000D\000e\000s\000t\000r\000u\000c\000t\000o\000r\000\040\000D\000o\000c\000u\000m\000e\000n\000t\000a\000t\000i\000o\000n}{section.3.12}% 136
\BOOKMARK [3][-]{subsubsection.3.12.2.1}{\376\377\0003\000.\0001\0002\000.\0002\000.\0001\000\040\000R\000e\000s\000i\000d\000e\000n\000t\000i\000a\000l\000\050\000\051}{subsection.3.12.2}% 137
\BOOKMARK [2][-]{subsection.3.12.3}{\376\377\0003\000.\0001\0002\000.\0003\000\040\000M\000e\000m\000b\000e\000r\000\040\000F\000u\000n\000c\000t\000i\000o\000n\000\040\000D\000o\000c\000u\000m\000e\000n\000t\000a\000t\000i\000o\000n}{section.3.12}% 138
\BOOKMARK [3][-]{subsubsection.3.12.3.1}{\376\377\0003\000.\0001\0002\000.\0003\000.\0001\000\040\000b\000u\000i\000l\000d\000i\000n\000g\000T\000y\000p\000e\000\050\000\051}{subsection.3.12.3}% 139
\BOOKMARK [1][-]{section.3.13}{\376\377\0003\000.\0001\0003\000\040\000R\000o\000a\000d\000\040\000C\000l\000a\000s\000s\000\040\000R\000e\000f\000e\000r\000e\000n\000c\000e}{chapter.3}% 140
\BOOKMARK [2][-]{subsection.3.13.1}{\376\377\0003\000.\0001\0003\000.\0001\000\040\000D\000e\000t\000a\000i\000l\000e\000d\000\040\000D\000e\000s\000c\000r\000i\000p\000t\000i\000o\000n}{section.3.13}% 141
\BOOKMARK [2][-]{subsection.3.13.2}{\376\377\0003\000.\0001\0003\000.\0002\000\040\000C\000o\000n\000s\000t\000r\000u\000c\000t\000o\000r\000\040\000\046\000\040\000D\000e\000s\000t\000r\000u\000c\000t\000o\000r\000\040\000D\000o\000c\000u\000m\000e\000n\000t\000a\000t\000i\000o\000n}{section.3.13}% 142
\BOOKMARK [3][-]{subsubsection.3.13.2.1}{\376\377\0003\000.\0001\0003\000.\0002\000.\0001\000\040\000R\000o\000a\000d\000\050\000\051}{subsection.3.13.2}% 143
\BOOKMARK [2][-]{subsection.3.13.3}{\376\377\0003\000.\0001\0003\000.\0003\000\040\000M\000e\000m\000b\000e\000r\000\040\000F\000u\000n\000c\000t\000i\000o\000n\000\040\000D\000o\000c\000u\000m\000e\000n\000t\000a\000t\000i\000o\000n}{section.3.13}% 144
\BOOKMARK [3][-]{subsubsection.3.13.3.1}{\376\377\0003\000.\0001\0003\000.\0003\000.\0001\000\040\000a\000d\000d\000C\000a\000r\000\050\000\051}{subsection.3.13.3}% 145
\BOOKMARK [3][-]{subsubsection.3.13.3.2}{\376\377\0003\000.\0001\0003\000.\0003\000.\0002\000\040\000a\000d\000d\000P\000e\000d\000\050\000\051}{subsection.3.13.3}% 146
\BOOKMARK [3][-]{subsubsection.3.13.3.3}{\376\377\0003\000.\0001\0003\000.\0003\000.\0003\000\040\000a\000v\000e\000r\000a\000g\000e\000T\000r\000a\000f\000f\000i\000c\000P\000e\000r\000c\000e\000n\000t\000\050\000\051}{subsection.3.13.3}% 147
\BOOKMARK [3][-]{subsubsection.3.13.3.4}{\376\377\0003\000.\0001\0003\000.\0003\000.\0004\000\040\000g\000e\000t\000C\000a\000r\000C\000o\000u\000n\000t\000\050\000\051}{subsection.3.13.3}% 148
\BOOKMARK [3][-]{subsubsection.3.13.3.5}{\376\377\0003\000.\0001\0003\000.\0003\000.\0005\000\040\000g\000e\000t\000N\000E\000C\000a\000r\000C\000o\000u\000n\000t\000\050\000\051}{subsection.3.13.3}% 149
\BOOKMARK [3][-]{subsubsection.3.13.3.6}{\376\377\0003\000.\0001\0003\000.\0003\000.\0006\000\040\000g\000e\000t\000P\000e\000d\000C\000o\000u\000n\000t\000\050\000\051}{subsection.3.13.3}% 150
\BOOKMARK [3][-]{subsubsection.3.13.3.7}{\376\377\0003\000.\0001\0003\000.\0003\000.\0007\000\040\000g\000e\000t\000S\000p\000e\000e\000d\000\050\000\051}{subsection.3.13.3}% 151
\BOOKMARK [3][-]{subsubsection.3.13.3.8}{\376\377\0003\000.\0001\0003\000.\0003\000.\0008\000\040\000g\000e\000t\000S\000t\000a\000t\000s\000\050\000\051}{subsection.3.13.3}% 152
\BOOKMARK [3][-]{subsubsection.3.13.3.9}{\376\377\0003\000.\0001\0003\000.\0003\000.\0009\000\040\000g\000e\000t\000S\000W\000C\000a\000r\000C\000o\000u\000n\000t\000\050\000\051}{subsection.3.13.3}% 153
\BOOKMARK [3][-]{subsubsection.3.13.3.10}{\376\377\0003\000.\0001\0003\000.\0003\000.\0001\0000\000\040\000i\000n\000i\000t\000S\000q\000u\000a\000r\000e\000\050\000\051}{subsection.3.13.3}% 154
\BOOKMARK [3][-]{subsubsection.3.13.3.11}{\376\377\0003\000.\0001\0003\000.\0003\000.\0001\0001\000\040\000i\000s\000E\000W\000\050\000\051}{subsection.3.13.3}% 155
\BOOKMARK [3][-]{subsubsection.3.13.3.12}{\376\377\0003\000.\0001\0003\000.\0003\000.\0001\0002\000\040\000i\000s\000N\000S\000\050\000\051}{subsection.3.13.3}% 156
\BOOKMARK [3][-]{subsubsection.3.13.3.13}{\376\377\0003\000.\0001\0003\000.\0003\000.\0001\0003\000\040\000i\000s\000R\000o\000a\000d\000\050\000\051}{subsection.3.13.3}% 157
\BOOKMARK [3][-]{subsubsection.3.13.3.14}{\376\377\0003\000.\0001\0003\000.\0003\000.\0001\0004\000\040\000j\000o\000i\000n\000C\000a\000r\000\050\000\051}{subsection.3.13.3}% 158
\BOOKMARK [3][-]{subsubsection.3.13.3.15}{\376\377\0003\000.\0001\0003\000.\0003\000.\0001\0005\000\040\000s\000i\000m\000u\000l\000a\000t\000e\000\050\000\051}{subsection.3.13.3}% 159
\BOOKMARK [1][-]{section.3.14}{\376\377\0003\000.\0001\0004\000\040\000R\000o\000a\000d\000S\000t\000a\000t\000s\000\040\000S\000t\000r\000u\000c\000t\000\040\000R\000e\000f\000e\000r\000e\000n\000c\000e}{chapter.3}% 160
\BOOKMARK [2][-]{subsection.3.14.1}{\376\377\0003\000.\0001\0004\000.\0001\000\040\000D\000e\000t\000a\000i\000l\000e\000d\000\040\000D\000e\000s\000c\000r\000i\000p\000t\000i\000o\000n}{section.3.14}% 161
\BOOKMARK [2][-]{subsection.3.14.2}{\376\377\0003\000.\0001\0004\000.\0002\000\040\000M\000e\000m\000b\000e\000r\000\040\000F\000u\000n\000c\000t\000i\000o\000n\000\040\000D\000o\000c\000u\000m\000e\000n\000t\000a\000t\000i\000o\000n}{section.3.14}% 162
\BOOKMARK [3][-]{subsubsection.3.14.2.1}{\376\377\0003\000.\0001\0004\000.\0002\000.\0001\000\040\000g\000e\000t\000A\000v\000e\000r\000a\000g\000e\000\050\000\051}{subsection.3.14.2}% 163
\BOOKMARK [3][-]{subsubsection.3.14.2.2}{\376\377\0003\000.\0001\0004\000.\0002\000.\0002\000\040\000i\000n\000c\000r\000e\000m\000e\000n\000t\000C\000o\000u\000n\000t\000e\000r\000\050\000\051}{subsection.3.14.2}% 164
\BOOKMARK [1][-]{section.3.15}{\376\377\0003\000.\0001\0005\000\040\000S\000q\000u\000a\000r\000e\000\040\000C\000l\000a\000s\000s\000\040\000R\000e\000f\000e\000r\000e\000n\000c\000e}{chapter.3}% 165
\BOOKMARK [2][-]{subsection.3.15.1}{\376\377\0003\000.\0001\0005\000.\0001\000\040\000D\000e\000t\000a\000i\000l\000e\000d\000\040\000D\000e\000s\000c\000r\000i\000p\000t\000i\000o\000n}{section.3.15}% 166
\BOOKMARK [2][-]{subsection.3.15.2}{\376\377\0003\000.\0001\0005\000.\0002\000\040\000C\000o\000n\000s\000t\000r\000u\000c\000t\000o\000r\000\040\000\046\000\040\000D\000e\000s\000t\000r\000u\000c\000t\000o\000r\000\040\000D\000o\000c\000u\000m\000e\000n\000t\000a\000t\000i\000o\000n}{section.3.15}% 167
\BOOKMARK [3][-]{subsubsection.3.15.2.1}{\376\377\0003\000.\0001\0005\000.\0002\000.\0001\000\040\000S\000q\000u\000a\000r\000e\000\050\000\051}{subsection.3.15.2}% 168
\BOOKMARK [2][-]{subsection.3.15.3}{\376\377\0003\000.\0001\0005\000.\0003\000\040\000M\000e\000m\000b\000e\000r\000\040\000F\000u\000n\000c\000t\000i\000o\000n\000\040\000D\000o\000c\000u\000m\000e\000n\000t\000a\000t\000i\000o\000n}{section.3.15}% 169
\BOOKMARK [3][-]{subsubsection.3.15.3.1}{\376\377\0003\000.\0001\0005\000.\0003\000.\0001\000\040\000a\000d\000d\000C\000a\000r\000\050\000\051}{subsection.3.15.3}% 170
\BOOKMARK [3][-]{subsubsection.3.15.3.2}{\376\377\0003\000.\0001\0005\000.\0003\000.\0002\000\040\000a\000d\000d\000P\000e\000d\000\050\000\051}{subsection.3.15.3}% 171
\BOOKMARK [3][-]{subsubsection.3.15.3.3}{\376\377\0003\000.\0001\0005\000.\0003\000.\0003\000\040\000g\000e\000t\000C\000a\000r\000C\000o\000u\000n\000t\000\050\000\051}{subsection.3.15.3}% 172
\BOOKMARK [3][-]{subsubsection.3.15.3.4}{\376\377\0003\000.\0001\0005\000.\0003\000.\0004\000\040\000g\000e\000t\000C\000o\000o\000r\000d\000i\000n\000a\000t\000e\000s\000\050\000\051}{subsection.3.15.3}% 173
\BOOKMARK [3][-]{subsubsection.3.15.3.5}{\376\377\0003\000.\0001\0005\000.\0003\000.\0005\000\040\000g\000e\000t\000N\000e\000i\000g\000h\000b\000o\000u\000r\000\050\000\051}{subsection.3.15.3}% 174
\BOOKMARK [3][-]{subsubsection.3.15.3.6}{\376\377\0003\000.\0001\0005\000.\0003\000.\0006\000\040\000g\000e\000t\000P\000e\000d\000C\000o\000u\000n\000t\000\050\000\051}{subsection.3.15.3}% 175
\BOOKMARK [3][-]{subsubsection.3.15.3.7}{\376\377\0003\000.\0001\0005\000.\0003\000.\0007\000\040\000j\000o\000i\000n\000C\000a\000r\000\050\000\051}{subsection.3.15.3}% 176
\BOOKMARK [3][-]{subsubsection.3.15.3.8}{\376\377\0003\000.\0001\0005\000.\0003\000.\0008\000\040\000o\000p\000e\000r\000a\000t\000o\000r\000=\000\050\000\051}{subsection.3.15.3}% 177
\BOOKMARK [3][-]{subsubsection.3.15.3.9}{\376\377\0003\000.\0001\0005\000.\0003\000.\0009\000\040\000s\000i\000m\000u\000l\000a\000t\000e\000\050\000\051}{subsection.3.15.3}% 178
\BOOKMARK [0][-]{section*.41}{\376\377\000I\000n\000d\000e\000x}{}% 179
